<?xml version="1.0" encoding="UTF-8"?>
<!-- Generated by org.testng.reporters.JUnitReportReporter -->
<testsuite hostname="PB-20026-LT" name="com.qloyal.CurrentWeatherData.GetCurrent" tests="1" failures="0" timestamp="27 Mar 2019 00:38:21 GMT" time="4.087" errors="0">
  <testcase name="GetByLatAndLon" time="4.087" classname="com.qloyal.CurrentWeatherData.GetCurrent"/>
</testsuite> <!-- com.qloyal.CurrentWeatherData.GetCurrent -->
