<?xml version="1.0" encoding="UTF-8"?>
<!-- Generated by org.testng.reporters.JUnitReportReporter -->
<testsuite hostname="PB-20026-LT" name="com.qloyal.WeatherAPITests.Login" tests="1" failures="0" timestamp="26 Mar 2019 04:33:10 GMT" time="7.738" errors="0">
  <testcase name="doLogin" time="7.738" classname="com.qloyal.WeatherAPITests.Login"/>
</testsuite> <!-- com.qloyal.WeatherAPITests.Login -->
